Build started 12/27/2017 4:24:51 PM.
     1>Project "G:\NewTraining_18_07_2014\NewTrainingFramework\NewTrainingFramework\NewTrainingFramework.vcxproj" on node 2 (Rebuild target(s)).
     1>ClCompile:
         C:\Program Files (x86)\Microsoft Visual Studio 12.0\VC\bin\CL.exe /c /IG:\NewTraining_18_07_2014\NewTrainingFramework\\Include /ZI /nologo /W3 /WX- /Od /Oy- /D WIN32 /D _DEBUG /D _CONSOLE /D _MBCS /Gm /EHsc /RTC1 /MDd /GS /fp:precise /Zc:wchar_t /Zc:forScope /Yc"stdafx.h" /Fp"Debug\NewTrainingFramework.pch" /Fo"Debug\\" /Fd"Debug\vc120.pdb" /Gd /TP /analyze- /errorReport:prompt stdafx.cpp
         stdafx.cpp
         C:\Program Files (x86)\Microsoft Visual Studio 12.0\VC\bin\CL.exe /c /IG:\NewTraining_18_07_2014\NewTrainingFramework\\Include /ZI /nologo /W3 /WX- /Od /Oy- /D WIN32 /D _DEBUG /D _CONSOLE /D _MBCS /Gm /EHsc /RTC1 /MDd /GS /fp:precise /Zc:wchar_t /Zc:forScope /Yu"stdafx.h" /Fp"Debug\NewTrainingFramework.pch" /Fo"Debug\\" /Fd"Debug\vc120.pdb" /Gd /TP /analyze- /errorReport:prompt Globals.cpp NewTrainingFramework.cpp Shaders.cpp
         Shaders.cpp
         NewTrainingFramework.cpp
         Globals.cpp
         Generating Code...
       Link:
         C:\Program Files (x86)\Microsoft Visual Studio 12.0\VC\bin\link.exe /ERRORREPORT:PROMPT /OUT:"G:\NewTraining_18_07_2014\NewTrainingFramework\\BIN\NewTrainingFramework.exe" /INCREMENTAL /NOLOGO /LIBPATH:G:\NewTraining_18_07_2014\NewTrainingFramework\\Lib libEGL.lib libGLESv2.lib kernel32.lib user32.lib gdi32.lib winspool.lib comdlg32.lib advapi32.lib shell32.lib ole32.lib oleaut32.lib uuid.lib odbc32.lib odbccp32.lib /MANIFEST /MANIFESTUAC:"level='asInvoker' uiAccess='false'" /manifest:embed /DEBUG /PDB:"G:\NewTraining_18_07_2014\NewTrainingFramework\\BIN\NewTrainingFramework.pdb" /SUBSYSTEM:CONSOLE /TLBID:1 /DYNAMICBASE /NXCOMPAT /IMPLIB:"G:\NewTraining_18_07_2014\NewTrainingFramework\\BIN\NewTrainingFramework.lib" /MACHINE:X86 /SAFESEH Debug\Globals.obj
         Debug\NewTrainingFramework.obj
         Debug\Shaders.obj
         Debug\stdafx.obj
         G:\NewTraining_18_07_2014\NewTrainingFramework\Debug\Utilities.lib
     1>Globals.obj : warning LNK4075: ignoring '/EDITANDCONTINUE' due to '/SAFESEH' specification
         NewTrainingFramework.vcxproj -> G:\NewTraining_18_07_2014\NewTrainingFramework\\BIN\NewTrainingFramework.exe
     1>Done Building Project "G:\NewTraining_18_07_2014\NewTrainingFramework\NewTrainingFramework\NewTrainingFramework.vcxproj" (Rebuild target(s)).

Build succeeded.

Time Elapsed 00:00:00.76
